8/21/2016 8:04:47 PM: Fatal Error occured when attempting to start data monitor service. 
Message: Requested value 'CSVxz' was not found.
Details:   at System.Enum.EnumResult.SetFailure(ParseFailureKind failure, String failureMessageID, Object failureMessageFormatArgument)
   at System.Enum.TryParseEnum(Type enumType, String value, Boolean ignoreCase, EnumResult& parseResult)
   at System.Enum.Parse(Type enumType, String value, Boolean ignoreCase)
   at System.Enum.Parse(Type enumType, String value)
   at DataMonitorService.DataMonitor.DataMonitorFactory.GetDataMonitor() in N:\Dev\Git\DataMonitorServiceAndClient\DataMonitorService\DataMonitorService\DataMonitor\DataMonitorFactory.cs:line 19
   at DataMonitorService.Service.DataMonitorService..ctor() in N:\Dev\Git\DataMonitorServiceAndClient\DataMonitorService\DataMonitorService\Service\DataMonitorService.cs:line 22
8/21/2016 8:04:47 PM: Fatal Error occured when attempting to start data monitor service. 
Message: Object reference not set to an instance of an object.
Details:   at DataMonitorService.Service.DataMonitorService.Start() in N:\Dev\Git\DataMonitorServiceAndClient\DataMonitorService\DataMonitorService\Service\DataMonitorService.cs:line 40
8/21/2016 8:05:16 PM: Fatal Error occured when attempting to start data monitor service. 
Message: Requested value 'CSVxz' was not found.
Details:   at System.Enum.EnumResult.SetFailure(ParseFailureKind failure, String failureMessageID, Object failureMessageFormatArgument)
   at System.Enum.TryParseEnum(Type enumType, String value, Boolean ignoreCase, EnumResult& parseResult)
   at System.Enum.Parse(Type enumType, String value, Boolean ignoreCase)
   at System.Enum.Parse(Type enumType, String value)
   at DataMonitorService.DataMonitor.DataMonitorFactory.GetDataMonitor() in N:\Dev\Git\DataMonitorServiceAndClient\DataMonitorService\DataMonitorService\DataMonitor\DataMonitorFactory.cs:line 19
   at DataMonitorService.Service.DataMonitorService..ctor() in N:\Dev\Git\DataMonitorServiceAndClient\DataMonitorService\DataMonitorService\Service\DataMonitorService.cs:line 22
8/21/2016 8:05:16 PM: Fatal Error occured when attempting to start data monitor service. 
Message: Object reference not set to an instance of an object.
Details:   at DataMonitorService.Service.DataMonitorService.Start() in N:\Dev\Git\DataMonitorServiceAndClient\DataMonitorService\DataMonitorService\Service\DataMonitorService.cs:line 40
